<?xml version="1.0" encoding="UTF-8"?>
<testng-results skipped="0" failed="0" ignored="0" total="1" passed="1">
  <reporter-output>
  </reporter-output>
  <suite name="Default suite" duration-ms="15341" started-at="2018-05-25T10:25:39Z" finished-at="2018-05-25T10:25:55Z">
    <groups>
    </groups>
    <test name="Default test" duration-ms="15341" started-at="2018-05-25T10:25:39Z" finished-at="2018-05-25T10:25:55Z">
      <class name="GitJenkinpakage.NewTest">
        <test-method status="PASS" signature="f()[pri:0, instance:GitJenkinpakage.NewTest@68c4039c]" name="f" duration-ms="15310" started-at="2018-05-25T10:25:39Z" finished-at="2018-05-25T10:25:55Z">
          <reporter-output>
          </reporter-output>
        </test-method> <!-- f -->
      </class> <!-- GitJenkinpakage.NewTest -->
    </test> <!-- Default test -->
  </suite> <!-- Default suite -->
</testng-results>
